<?xml version="1.0" encoding="UTF-8"?>
<!-- Generated by org.testng.reporters.JUnitReportReporter -->
<testsuite hostname="MAVBCP3334" failures="0" tests="2" name="com.picnic.maven.RecorderScript" time="42.791" errors="0" timestamp="2021-09-28T11:02:01 IST" skipped="0">
  <testcase classname="com.picnic.maven.RecorderScript" name="testParameterWithXML" time="19.476"/>
  <system-out/>
  <testcase classname="com.picnic.maven.RecorderScript" name="testParameterWithXML" time="23.315"/>
  <system-out/>
</testsuite> <!-- com.picnic.maven.RecorderScript -->
