<?xml version="1.0" encoding="UTF-8"?>
<!-- Generated by org.testng.reporters.JUnitReportReporter -->
<testsuite hostname="MAVBCP3334" failures="0" tests="1" name="com.picnic.maven.BStackTakeScreenshot" time="5.919" errors="0" timestamp="2021-09-23T13:53:22 IST" skipped="0">
  <testcase classname="com.picnic.maven.BStackTakeScreenshot" name="testBStackTakeScreenShot" time="5.919"/>
  <system-out/>
</testsuite> <!-- com.picnic.maven.BStackTakeScreenshot -->
