<?xml version="1.0" encoding="UTF-8"?>
<!-- Generated by org.testng.reporters.JUnitReportReporter -->
<testsuite hostname="MAVBCP3334" failures="0" tests="1" name="com.picnic.maven.CrossBrowserScript" time="20006.332" errors="0" timestamp="2021-09-24T21:50:14 IST" skipped="0">
  <testcase classname="com.picnic.maven.CrossBrowserScript" name="testParameterWithXML" time="20006.332"/>
  <system-out/>
</testsuite> <!-- com.picnic.maven.CrossBrowserScript -->
