<?xml version="1.0" encoding="UTF-8"?>
<!-- Generated by org.testng.reporters.JUnitReportReporter -->
<testsuite skipped="0" hostname="MAVBCP3334" name="com.picnic.maven.ExcelHandling" tests="1" failures="0" timestamp="2021-09-30T12:17:03 IST" time="12.491" errors="0">
  <testcase name="testAut" time="12.491" classname="com.picnic.maven.ExcelHandling"/>
  <system-out/>
</testsuite> <!-- com.picnic.maven.ExcelHandling -->
