<?xml version="1.0" encoding="UTF-8"?>
<!-- Generated by org.testng.reporters.JUnitReportReporter -->
<testsuite hostname="MAVBCP3334" failures="0" tests="1" name="com.picnic.maven.Sample" time="17.034" errors="0" timestamp="2021-09-24T16:15:52 IST" skipped="0">
  <testcase classname="com.picnic.maven.Sample" name="login" time="17.034"/>
  <system-out/>
</testsuite> <!-- com.picnic.maven.Sample -->
