<?xml version="1.0" encoding="UTF-8"?>
<!-- Generated by org.testng.reporters.JUnitReportReporter -->
<testsuite skipped="0" hostname="MAVBCP3334" name="com.picnic.maven.RecorderScript" tests="2" failures="0" timestamp="2021-09-29T10:41:09 IST" time="37.738" errors="0">
  <testcase name="testParameterWithXML" time="18.356" classname="com.picnic.maven.RecorderScript"/>
  <system-out/>
  <testcase name="testParameterWithXML" time="19.382" classname="com.picnic.maven.RecorderScript"/>
  <system-out/>
</testsuite> <!-- com.picnic.maven.RecorderScript -->
